2017-07-31 17:03:17  [ pool-1-thread-3:0 ] - [ INFO ]  MLog clients using log4j logging.
2017-07-31 17:03:17  [ pool-1-thread-3:136 ] - [ INFO ]  Initializing c3p0-0.9.1.2 [built 21-May-2007 15:04:56; debug? true; trace: 10]
2017-07-31 17:03:18  [ pool-1-thread-3:162 ] - [ DEBUG ]  MBean: com.mchange.v2.c3p0:type=PooledDataSource[2s7epk9p16550nv1c5nc2t|78ef3d21] registered.
2017-07-31 17:03:18  [ pool-1-thread-3:213 ] - [ DEBUG ]  incremented pending_acquires: 1
2017-07-31 17:03:18  [ pool-1-thread-3:214 ] - [ DEBUG ]  incremented pending_acquires: 2
2017-07-31 17:03:18  [ pool-1-thread-3:214 ] - [ DEBUG ]  incremented pending_acquires: 3
2017-07-31 17:03:18  [ pool-1-thread-3:214 ] - [ DEBUG ]  com.mchange.v2.resourcepool.BasicResourcePool@2e1af0cf config: [start -> 3; min -> 3; max -> 15; inc -> 3; num_acq_attempts -> 30; acq_attempt_delay -> 1000; check_idle_resources_delay -> 0; mox_resource_age -> 0; max_idle_time -> 0; excess_max_idle_time -> 0; destroy_unreturned_resc_time -> 0; expiration_enforcement_delay -> 0; break_on_acquisition_failure -> false; debug_store_checkout_exceptions -> false]
2017-07-31 17:03:18  [ pool-1-thread-3:215 ] - [ INFO ]  Initializing c3p0 pool... com.mchange.v2.c3p0.ComboPooledDataSource [ acquireIncrement -> 3, acquireRetryAttempts -> 30, acquireRetryDelay -> 1000, autoCommitOnClose -> false, automaticTestTable -> null, breakAfterAcquireFailure -> false, checkoutTimeout -> 0, connectionCustomizerClassName -> null, connectionTesterClassName -> com.mchange.v2.c3p0.impl.DefaultConnectionTester, dataSourceName -> 2s7epk9p16550nv1c5nc2t|78ef3d21, debugUnreturnedConnectionStackTraces -> false, description -> null, driverClass -> com.mysql.jdbc.Driver, factoryClassLocation -> null, forceIgnoreUnresolvedTransactions -> false, identityToken -> 2s7epk9p16550nv1c5nc2t|78ef3d21, idleConnectionTestPeriod -> 0, initialPoolSize -> 3, jdbcUrl -> jdbc:mysql:///zebra, maxAdministrativeTaskTime -> 0, maxConnectionAge -> 0, maxIdleTime -> 0, maxIdleTimeExcessConnections -> 0, maxPoolSize -> 15, maxStatements -> 0, maxStatementsPerConnection -> 0, minPoolSize -> 3, numHelperThreads -> 3, numThreadsAwaitingCheckoutDefaultUser -> 0, preferredTestQuery -> null, properties -> {user=******, password=******}, propertyCycle -> 0, testConnectionOnCheckin -> false, testConnectionOnCheckout -> false, unreturnedConnectionTimeout -> 0, usesTraditionalReflectiveProxies -> false ]
2017-07-31 17:03:18  [ pool-1-thread-3:216 ] - [ DEBUG ]  acquire test -- pool size: 0; target_pool_size: 3; desired target? 1
2017-07-31 17:03:18  [ pool-1-thread-3:216 ] - [ DEBUG ]  awaitAvailable(): [unknown]
2017-07-31 17:03:18  [ pool-1-thread-3:216 ] - [ DEBUG ]  trace com.mchange.v2.resourcepool.BasicResourcePool@2e1af0cf [managed: 0, unused: 0, excluded: 0]
2017-07-31 17:03:18  [ com.mchange.v2.async.ThreadPoolAsynchronousRunner$PoolThread-#0:399 ] - [ DEBUG ]  com.mchange.v2.c3p0.impl.C3P0PooledConnectionPool$1PooledConnectionResourcePoolManager@3e074a7a.acquireResource() returning. 
2017-07-31 17:03:18  [ com.mchange.v2.async.ThreadPoolAsynchronousRunner$PoolThread-#2:399 ] - [ DEBUG ]  com.mchange.v2.c3p0.impl.C3P0PooledConnectionPool$1PooledConnectionResourcePoolManager@3e074a7a.acquireResource() returning. 
2017-07-31 17:03:18  [ com.mchange.v2.async.ThreadPoolAsynchronousRunner$PoolThread-#1:399 ] - [ DEBUG ]  com.mchange.v2.c3p0.impl.C3P0PooledConnectionPool$1PooledConnectionResourcePoolManager@3e074a7a.acquireResource() returning. 
2017-07-31 17:03:18  [ com.mchange.v2.async.ThreadPoolAsynchronousRunner$PoolThread-#0:399 ] - [ DEBUG ]  trace com.mchange.v2.resourcepool.BasicResourcePool@2e1af0cf [managed: 1, unused: 1, excluded: 0]
2017-07-31 17:03:18  [ com.mchange.v2.async.ThreadPoolAsynchronousRunner$PoolThread-#1:399 ] - [ DEBUG ]  trace com.mchange.v2.resourcepool.BasicResourcePool@2e1af0cf [managed: 2, unused: 2, excluded: 0] (e.g. com.mchange.v2.c3p0.impl.NewPooledConnection@264c9375)
2017-07-31 17:03:18  [ com.mchange.v2.async.ThreadPoolAsynchronousRunner$PoolThread-#2:401 ] - [ DEBUG ]  trace com.mchange.v2.resourcepool.BasicResourcePool@2e1af0cf [managed: 3, unused: 2, excluded: 0] (e.g. com.mchange.v2.c3p0.impl.NewPooledConnection@264c9375)
2017-07-31 17:03:18  [ com.mchange.v2.async.ThreadPoolAsynchronousRunner$PoolThread-#2:401 ] - [ DEBUG ]  decremented pending_acquires: 2
2017-07-31 17:03:18  [ pool-1-thread-3:401 ] - [ DEBUG ]  trace com.mchange.v2.resourcepool.BasicResourcePool@2e1af0cf [managed: 3, unused: 2, excluded: 0] (e.g. com.mchange.v2.c3p0.impl.NewPooledConnection@264c9375)
2017-07-31 17:03:18  [ com.mchange.v2.async.ThreadPoolAsynchronousRunner$PoolThread-#1:401 ] - [ DEBUG ]  decremented pending_acquires: 1
2017-07-31 17:03:18  [ com.mchange.v2.async.ThreadPoolAsynchronousRunner$PoolThread-#0:402 ] - [ DEBUG ]  decremented pending_acquires: 0
2017-07-31 17:03:18  [ pool-1-thread-3:418 ] - [ DEBUG ]  trace com.mchange.v2.resourcepool.BasicResourcePool@2e1af0cf [managed: 3, unused: 2, excluded: 0] (e.g. com.mchange.v2.c3p0.impl.NewPooledConnection@264c9375)
2017-07-31 17:07:53  [ Thread-1:0 ] - [ INFO ]  MLog clients using log4j logging.
2017-07-31 17:07:53  [ Thread-1:107 ] - [ INFO ]  Initializing c3p0-0.9.1.2 [built 21-May-2007 15:04:56; debug? true; trace: 10]
2017-07-31 17:07:53  [ Thread-1:124 ] - [ DEBUG ]  MBean: com.mchange.v2.c3p0:type=PooledDataSource[2s7epk9p165ax2nbqle9j|21c61075] registered.
2017-07-31 17:07:53  [ Thread-1:178 ] - [ DEBUG ]  incremented pending_acquires: 1
2017-07-31 17:07:53  [ Thread-1:178 ] - [ DEBUG ]  incremented pending_acquires: 2
2017-07-31 17:07:53  [ Thread-1:178 ] - [ DEBUG ]  incremented pending_acquires: 3
2017-07-31 17:07:53  [ Thread-1:178 ] - [ DEBUG ]  com.mchange.v2.resourcepool.BasicResourcePool@57348b49 config: [start -> 3; min -> 3; max -> 15; inc -> 3; num_acq_attempts -> 30; acq_attempt_delay -> 1000; check_idle_resources_delay -> 0; mox_resource_age -> 0; max_idle_time -> 0; excess_max_idle_time -> 0; destroy_unreturned_resc_time -> 0; expiration_enforcement_delay -> 0; break_on_acquisition_failure -> false; debug_store_checkout_exceptions -> false]
2017-07-31 17:07:53  [ Thread-1:179 ] - [ INFO ]  Initializing c3p0 pool... com.mchange.v2.c3p0.ComboPooledDataSource [ acquireIncrement -> 3, acquireRetryAttempts -> 30, acquireRetryDelay -> 1000, autoCommitOnClose -> false, automaticTestTable -> null, breakAfterAcquireFailure -> false, checkoutTimeout -> 0, connectionCustomizerClassName -> null, connectionTesterClassName -> com.mchange.v2.c3p0.impl.DefaultConnectionTester, dataSourceName -> 2s7epk9p165ax2nbqle9j|21c61075, debugUnreturnedConnectionStackTraces -> false, description -> null, driverClass -> com.mysql.jdbc.Driver, factoryClassLocation -> null, forceIgnoreUnresolvedTransactions -> false, identityToken -> 2s7epk9p165ax2nbqle9j|21c61075, idleConnectionTestPeriod -> 0, initialPoolSize -> 3, jdbcUrl -> jdbc:mysql:///zebra, maxAdministrativeTaskTime -> 0, maxConnectionAge -> 0, maxIdleTime -> 0, maxIdleTimeExcessConnections -> 0, maxPoolSize -> 15, maxStatements -> 0, maxStatementsPerConnection -> 0, minPoolSize -> 3, numHelperThreads -> 3, numThreadsAwaitingCheckoutDefaultUser -> 0, preferredTestQuery -> null, properties -> {user=******, password=******}, propertyCycle -> 0, testConnectionOnCheckin -> false, testConnectionOnCheckout -> false, unreturnedConnectionTimeout -> 0, usesTraditionalReflectiveProxies -> false ]
2017-07-31 17:07:53  [ Thread-1:179 ] - [ DEBUG ]  acquire test -- pool size: 0; target_pool_size: 3; desired target? 1
2017-07-31 17:07:53  [ Thread-1:179 ] - [ DEBUG ]  awaitAvailable(): [unknown]
2017-07-31 17:07:53  [ Thread-1:180 ] - [ DEBUG ]  trace com.mchange.v2.resourcepool.BasicResourcePool@57348b49 [managed: 0, unused: 0, excluded: 0]
2017-07-31 17:07:53  [ com.mchange.v2.async.ThreadPoolAsynchronousRunner$PoolThread-#2:350 ] - [ DEBUG ]  com.mchange.v2.c3p0.impl.C3P0PooledConnectionPool$1PooledConnectionResourcePoolManager@5bf273b7.acquireResource() returning. 
2017-07-31 17:07:53  [ com.mchange.v2.async.ThreadPoolAsynchronousRunner$PoolThread-#1:350 ] - [ DEBUG ]  com.mchange.v2.c3p0.impl.C3P0PooledConnectionPool$1PooledConnectionResourcePoolManager@5bf273b7.acquireResource() returning. 
2017-07-31 17:07:53  [ com.mchange.v2.async.ThreadPoolAsynchronousRunner$PoolThread-#0:350 ] - [ DEBUG ]  com.mchange.v2.c3p0.impl.C3P0PooledConnectionPool$1PooledConnectionResourcePoolManager@5bf273b7.acquireResource() returning. 
2017-07-31 17:07:53  [ com.mchange.v2.async.ThreadPoolAsynchronousRunner$PoolThread-#2:351 ] - [ DEBUG ]  trace com.mchange.v2.resourcepool.BasicResourcePool@57348b49 [managed: 1, unused: 1, excluded: 0]
2017-07-31 17:07:53  [ com.mchange.v2.async.ThreadPoolAsynchronousRunner$PoolThread-#0:351 ] - [ DEBUG ]  trace com.mchange.v2.resourcepool.BasicResourcePool@57348b49 [managed: 2, unused: 2, excluded: 0] (e.g. com.mchange.v2.c3p0.impl.NewPooledConnection@709cc962)
2017-07-31 17:07:53  [ com.mchange.v2.async.ThreadPoolAsynchronousRunner$PoolThread-#1:352 ] - [ DEBUG ]  trace com.mchange.v2.resourcepool.BasicResourcePool@57348b49 [managed: 3, unused: 2, excluded: 0] (e.g. com.mchange.v2.c3p0.impl.NewPooledConnection@709cc962)
2017-07-31 17:07:53  [ com.mchange.v2.async.ThreadPoolAsynchronousRunner$PoolThread-#1:353 ] - [ DEBUG ]  decremented pending_acquires: 2
2017-07-31 17:07:53  [ Thread-1:353 ] - [ DEBUG ]  trace com.mchange.v2.resourcepool.BasicResourcePool@57348b49 [managed: 3, unused: 2, excluded: 0] (e.g. com.mchange.v2.c3p0.impl.NewPooledConnection@709cc962)
2017-07-31 17:07:53  [ com.mchange.v2.async.ThreadPoolAsynchronousRunner$PoolThread-#0:353 ] - [ DEBUG ]  decremented pending_acquires: 1
2017-07-31 17:07:53  [ com.mchange.v2.async.ThreadPoolAsynchronousRunner$PoolThread-#2:353 ] - [ DEBUG ]  decremented pending_acquires: 0
2017-07-31 17:07:56  [ Thread-1:3343 ] - [ DEBUG ]  trace com.mchange.v2.resourcepool.BasicResourcePool@57348b49 [managed: 3, unused: 2, excluded: 0] (e.g. com.mchange.v2.c3p0.impl.NewPooledConnection@709cc962)
2017-07-31 17:07:56  [ Thread-1:3343 ] - [ DEBUG ]  com.mchange.v2.c3p0.impl.NewProxyConnection@41e694e9: close() called more than once.
